SF:lib/app/services/user.dart
DA:9,2
LF:1
LH:1
end_of_record
SF:lib/app/homepage/friendRequests/header.dart
DA:3,2
DA:4,2
DA:5,2
DA:6,2
DA:7,2
DA:8,2
DA:9,2
DA:11,2
DA:13,2
LF:9
LH:9
end_of_record
SF:lib/app/chat/eachChatView.dart
DA:4,1
DA:5,1
DA:7,1
DA:8,1
DA:9,0
DA:10,0
DA:12,1
DA:13,1
DA:14,1
DA:15,2
DA:16,1
DA:17,1
DA:18,1
DA:21,1
DA:25,1
DA:26,4
DA:27,1
DA:30,1
DA:31,1
DA:32,1
DA:33,1
DA:35,1
DA:39,1
DA:42,1
DA:43,1
DA:45,1
DA:47,1
DA:50,1
LF:28
LH:26
end_of_record
SF:lib/app/homepage/friendRequests/addToFriendsList.dart
DA:4,0
DA:6,0
DA:7,0
DA:8,0
DA:10,0
DA:11,0
LF:6
LH:0
end_of_record
SF:lib/app/homepage/friendRequests/friendRequestComplete.dart
DA:3,0
DA:4,0
DA:6,0
DA:7,0
DA:8,0
DA:9,0
DA:10,0
DA:11,0
DA:13,0
DA:14,0
DA:16,0
DA:19,0
DA:21,0
DA:25,0
DA:26,0
DA:27,0
DA:28,0
DA:29,0
DA:31,0
DA:33,0
DA:37,0
DA:38,0
DA:39,0
DA:41,0
DA:43,0
LF:25
LH:0
end_of_record
SF:lib/app/homepage/friendRequests/friendRequests.dart
DA:6,1
DA:8,1
DA:9,1
DA:10,1
DA:11,1
DA:13,4
DA:14,1
DA:15,1
DA:16,1
DA:17,1
DA:18,2
DA:20,1
DA:21,1
DA:22,1
DA:23,1
DA:24,1
DA:25,1
DA:26,1
DA:27,2
DA:28,1
DA:29,1
DA:30,1
DA:32,1
DA:38,1
LF:24
LH:24
end_of_record
SF:lib/app/homepage/friendRequests/showFriendAlert.dart
DA:7,1
DA:9,4
DA:10,2
DA:11,1
DA:13,1
DA:14,1
DA:15,1
DA:16,2
DA:17,2
DA:18,1
DA:20,1
DA:21,1
DA:22,1
DA:24,1
DA:27,1
DA:29,1
DA:33,1
DA:34,1
DA:35,1
DA:36,0
DA:37,0
DA:39,0
DA:42,1
DA:44,1
DA:48,1
DA:49,1
DA:50,1
DA:51,0
DA:53,0
DA:55,0
DA:58,1
DA:60,1
LF:32
LH:26
end_of_record
SF:lib/app/homepage/friendRequests/rejectRequest.dart
DA:3,0
DA:5,0
DA:6,0
LF:3
LH:0
end_of_record
SF:lib/app/homepage/home_page.dart
DA:11,1
DA:15,1
DA:16,1
DA:22,1
DA:23,4
DA:24,2
DA:25,2
DA:29,1
DA:31,1
DA:32,1
DA:33,2
DA:34,0
DA:38,1
DA:40,1
DA:41,1
DA:42,1
DA:43,1
DA:44,1
DA:49,1
DA:50,1
DA:51,6
DA:52,1
DA:53,1
DA:54,1
DA:55,1
DA:56,1
DA:61,2
DA:62,1
DA:63,1
DA:64,1
DA:65,1
DA:71,4
DA:76,1
LF:33
LH:32
end_of_record
SF:lib/app/homepage/unreadMessages/unreadMessages.dart
DA:5,1
DA:6,1
DA:7,1
DA:8,1
DA:9,1
DA:10,1
DA:11,1
DA:12,1
DA:14,1
DA:15,1
LF:10
LH:10
end_of_record
SF:lib/common_widgets/navBar.dart
DA:10,1
DA:12,1
DA:13,1
DA:15,1
DA:16,1
DA:18,1
DA:20,1
DA:22,1
DA:32,1
DA:33,1
DA:35,1
DA:39,1
DA:40,1
DA:42,2
DA:43,1
DA:45,1
DA:46,1
DA:47,0
DA:48,0
DA:49,0
DA:51,1
DA:52,0
DA:53,1
DA:54,1
DA:55,0
DA:56,0
DA:57,0
DA:59,1
DA:60,1
DA:61,0
DA:62,1
DA:63,0
DA:64,0
DA:65,0
DA:68,1
DA:69,0
DA:70,1
DA:71,1
DA:72,0
DA:73,0
DA:74,0
DA:77,1
DA:78,0
DA:79,1
LF:44
LH:28
end_of_record
SF:lib/app/homepage/unreadMessages/header.dart
DA:3,1
DA:4,1
DA:5,1
DA:6,1
DA:7,1
DA:8,1
DA:9,1
DA:11,1
DA:13,1
LF:9
LH:9
end_of_record
SF:lib/env/config.dart
DA:7,2
DA:10,0
DA:11,0
DA:14,0
LF:4
LH:1
end_of_record
